# JRE version: OpenJDK Runtime Environment Temurin-21.0.9+10 (21.0.9+10) (build 21.0.9+10-LTS)
# Java VM: OpenJDK 64-Bit Server VM Temurin-21.0.9+10 (21.0.9+10-LTS, mixed mode, emulated-client, sharing, tiered, compressed oops, compressed class ptrs, g1 gc, windows-amd64)
GC Precious Log:
 CardTable entry size: 512
 Card Set container configuration: InlinePtr #cards 5 size 8 Array Of Cards #cards 12 size 40 Howl #buckets 4 coarsen threshold 1843 Howl Bitmap #cards 512 size 80 coarsen threshold 460 Card regions per heap region 1 cards per card region 2048
 CPUs: 4 total, 4 available
 Memory: 3470M
 Large Page Support: Disabled
 NUMA Support: Disabled
 Compressed Oops: Enabled (32-bit)
 Heap Region Size: 1M
 Heap Min Capacity: 8M
 Heap Initial Capacity: 56M
 Heap Max Capacity: 868M
 Pre-touch: Disabled
 Parallel Workers: 4
 Concurrent Workers: 1
 Concurrent Refinement Workers: 4
 Periodic GC: Disabled
Heap:
 garbage-first heap   total 57344K, used 15846K [0x00000000c9c00000, 0x0000000100000000)
  region size 1024K, 8 young (8192K), 2 survivors (2048K)
 Metaspace       used 15720K, committed 16128K, reserved 1114112K
  class space    used 2141K, committed 2304K, reserved 1048576K
GC Heap History (6 events):
Event: 5.470 GC heap before
{Heap before GC invocations=0 (full 0):
 garbage-first heap   total 57344K, used 14336K [0x00000000c9c00000, 0x0000000100000000)
  region size 1024K, 13 young (13312K), 0 survivors (0K)
 Metaspace       used 4422K, committed 4544K, reserved 1114112K
  class space    used 538K, committed 576K, reserved 1048576K
}
Event: 5.549 GC heap after
{Heap after GC invocations=1 (full 0):
 garbage-first heap   total 57344K, used 6672K [0x00000000c9c00000, 0x0000000100000000)
  region size 1024K, 2 young (2048K), 2 survivors (2048K)
 Metaspace       used 4422K, committed 4544K, reserved 1114112K
  class space    used 538K, committed 576K, reserved 1048576K
}
Event: 11.271 GC heap before
{Heap before GC invocations=1 (full 0):
 garbage-first heap   total 57344K, used 19984K [0x00000000c9c00000, 0x0000000100000000)
  region size 1024K, 16 young (16384K), 2 survivors (2048K)
 Metaspace       used 9038K, committed 9408K, reserved 1114112K
  class space    used 1155K, committed 1344K, reserved 1048576K
}
Event: 11.294 GC heap after
{Heap after GC invocations=2 (full 0):
 garbage-first heap   total 57344K, used 8744K [0x00000000c9c00000, 0x0000000100000000)
  region size 1024K, 2 young (2048K), 2 survivors (2048K)
 Metaspace       used 9038K, committed 9408K, reserved 1114112K
  class space    used 1155K, committed 1344K, reserved 1048576K
}
Event: 16.573 GC heap before
{Heap before GC invocations=2 (full 0):
 garbage-first heap   total 57344K, used 30248K [0x00000000c9c00000, 0x0000000100000000)
  region size 1024K, 24 young (24576K), 2 survivors (2048K)
 Metaspace       used 14651K, committed 15040K, reserved 1114112K
  class space    used 1994K, committed 2176K, reserved 1048576K
}
Event: 16.585 GC heap after
{Heap after GC invocations=3 (full 0):
 garbage-first heap   total 57344K, used 10726K [0x00000000c9c00000, 0x0000000100000000)
  region size 1024K, 2 young (2048K), 2 survivors (2048K)
 Metaspace       used 14651K, committed 15040K, reserved 1114112K
  class space    used 1994K, committed 2176K, reserved 1048576K
}

